events.js:160
      throw er; // Unhandled 'error' event
      ^

Error: listen EADDRINUSE :::80
    at Object.exports._errnoException (util.js:1020:11)
    at exports._exceptionWithHostPort (util.js:1043:20)
    at Server._listen2 (net.js:1262:14)
    at Server.wrappedListen2 [as _listen2] (/home/ec2-user/highlights/node_modules/newrelic/lib/instrumentation/core/net.js:49:46)
    at listen (net.js:1298:10)
    at Server.listen (net.js:1394:5)
    at Server.wrappedFunction [as listen] (/home/ec2-user/highlights/node_modules/newrelic/lib/transaction/tracer/index.js:251:51)
    at EventEmitter.listen (/home/ec2-user/highlights/node_modules/express/lib/application.js:618:24)
    at Object.e.__esModule.default (/home/ec2-user/highlights/dist/server.js:1:632)
    at t (/home/ec2-user/highlights/dist/server.js:1:163)
events.js:160
      throw er; // Unhandled 'error' event
      ^

Error: listen EADDRINUSE :::80
    at Object.exports._errnoException (util.js:1020:11)
    at exports._exceptionWithHostPort (util.js:1043:20)
    at Server._listen2 (net.js:1262:14)
    at Server.wrappedListen2 [as _listen2] (/home/ec2-user/highlights/node_modules/newrelic/lib/instrumentation/core/net.js:49:46)
    at listen (net.js:1298:10)
    at Server.listen (net.js:1394:5)
    at Server.wrappedFunction [as listen] (/home/ec2-user/highlights/node_modules/newrelic/lib/transaction/tracer/index.js:251:51)
    at EventEmitter.listen (/home/ec2-user/highlights/node_modules/express/lib/application.js:618:24)
    at Object.e.__esModule.default (/home/ec2-user/highlights/dist/server.js:1:632)
    at t (/home/ec2-user/highlights/dist/server.js:1:163)
Server is currently running on port 80!

events.js:160
      throw er; // Unhandled 'error' event
      ^
ResponseError: Invalid amount of bind variables
    at FrameReader.readError (/home/ec2-user/highlights/node_modules/cassandra-driver/lib/readers.js:326:15)
    at Parser.parseBody (/home/ec2-user/highlights/node_modules/cassandra-driver/lib/streams.js:194:66)
    at Parser._transform (/home/ec2-user/highlights/node_modules/cassandra-driver/lib/streams.js:137:10)
    at Parser.Transform._read (_stream_transform.js:167:10)
    at Parser.Transform._write (_stream_transform.js:155:12)
    at doWrite (_stream_writable.js:333:12)
    at writeOrBuffer (_stream_writable.js:319:5)
    at Parser.Writable.write (_stream_writable.js:245:11)
    at Protocol.ondata (_stream_readable.js:555:20)
    at emitOne (events.js:96:13)
Server is currently running on port 80!
